Program called with the following parameters:
 * crossMatching = 0
 * describerTypes = "sift"
 * distanceRatio = 0.8
 * exportDebugFiles = 0
 * featuresFolders =  = [../Output/FeatureExtraction/4b921ba9590b31a662cacab7d7ab093fdd8e2373]
 * geometricError = 0
 * geometricEstimator =  Unknown Type "enum aliceVision::robustEstimation::ERobustEstimator"
 * geometricFilterType = "fundamental_matrix"
 * guidedMatching = 0
 * imagePairsList =  = [../Output/ImageMatching/8f817ffcdbb7d18b2c856376657dced57a5f8c20/imageMatches.txt]
 * input = "../Output/CameraInit/b244d2f26dd98a2a92caba4aef627d10412442f6/cameraInit.sfm"
 * knownPosesGeometricErrorMax = 5
 * matchFilePerImage = 0 (default)
 * matchFromKnownCameraPoses = 0
 * maxIteration = 2048
 * maxMatches = 0
 * output = "../Output/FeatureMatching/f61992eb42cfbc2a6d6bb3d1e60be91877ec66c7"
 * photometricMatchingMethod = "ANN_L2"
 * randomSeed = 5489 (default)
 * rangeSize = 20
 * rangeStart = 40
 * savePutativeMatches = 0
 * useGridSort = 1 (default)
 * verboseLevel = "info"

[18:55:37.799529][info] Load pair list from file: ../Output/ImageMatching/8f817ffcdbb7d18b2c856376657dced57a5f8c20/imageMatches.txt
[18:55:37.799529][warning] loadPairs: Impossible to read the specified file: "../Output/ImageMatching/8f817ffcdbb7d18b2c856376657dced57a5f8c20/imageMatches.txt".
